# JRE version: Java(TM) SE Runtime Environment 18.9 (11.0.11+9) (build 11.0.11+9-LTS-194)
# Java VM: Java HotSpot(TM) 64-Bit Server VM 18.9 (11.0.11+9-LTS-194, mixed mode, tiered, compressed oops, g1 gc, windows-amd64)
Heap:
 garbage-first heap   total 65536K, used 29473K [0x00000000c1600000, 0x0000000100000000)
  region size 1024K, 20 young (20480K), 4 survivors (4096K)
 Metaspace       used 29033K, capacity 29893K, committed 30208K, reserved 1075200K
  class space    used 3623K, capacity 3975K, committed 4096K, reserved 1048576K
GC Heap History (10 events):
Event: 6.479 GC heap before
{Heap before GC invocations=3 (full 0):
 garbage-first heap   total 65536K, used 33072K [0x00000000c1600000, 0x0000000100000000)
  region size 1024K, 25 young (25600K), 2 survivors (2048K)
 Metaspace       used 15986K, capacity 16440K, committed 16640K, reserved 1064960K
  class space    used 1769K, capacity 1948K, committed 2048K, reserved 1048576K
}
Event: 6.484 GC heap after
{Heap after GC invocations=4 (full 0):
 garbage-first heap   total 65536K, used 10654K [0x00000000c1600000, 0x0000000100000000)
  region size 1024K, 2 young (2048K), 2 survivors (2048K)
 Metaspace       used 15986K, capacity 16440K, committed 16640K, reserved 1064960K
  class space    used 1769K, capacity 1948K, committed 2048K, reserved 1048576K
}
Event: 6.804 GC heap before
{Heap before GC invocations=4 (full 0):
 garbage-first heap   total 65536K, used 43422K [0x00000000c1600000, 0x0000000100000000)
  region size 1024K, 34 young (34816K), 2 survivors (2048K)
 Metaspace       used 16474K, capacity 16965K, committed 17280K, reserved 1064960K
  class space    used 1855K, capacity 2064K, committed 2176K, reserved 1048576K
}
Event: 6.846 GC heap after
{Heap after GC invocations=5 (full 0):
 garbage-first heap   total 65536K, used 10708K [0x00000000c1600000, 0x0000000100000000)
  region size 1024K, 2 young (2048K), 2 survivors (2048K)
 Metaspace       used 16474K, capacity 16965K, committed 17280K, reserved 1064960K
  class space    used 1855K, capacity 2064K, committed 2176K, reserved 1048576K
}
Event: 8.655 GC heap before
{Heap before GC invocations=5 (full 0):
 garbage-first heap   total 65536K, used 42452K [0x00000000c1600000, 0x0000000100000000)
  region size 1024K, 34 young (34816K), 2 survivors (2048K)
 Metaspace       used 20517K, capacity 21232K, committed 21504K, reserved 1069056K
  class space    used 2456K, capacity 2754K, committed 2816K, reserved 1048576K
}
Event: 8.662 GC heap after
{Heap after GC invocations=6 (full 0):
 garbage-first heap   total 65536K, used 12133K [0x00000000c1600000, 0x0000000100000000)
  region size 1024K, 3 young (3072K), 3 survivors (3072K)
 Metaspace       used 20517K, capacity 21232K, committed 21504K, reserved 1069056K
  class space    used 2456K, capacity 2754K, committed 2816K, reserved 1048576K
}
Event: 9.226 GC heap before
{Heap before GC invocations=7 (full 0):
 garbage-first heap   total 65536K, used 47973K [0x00000000c1600000, 0x0000000100000000)
  region size 1024K, 38 young (38912K), 3 survivors (3072K)
 Metaspace       used 24443K, capacity 25221K, committed 25472K, reserved 1071104K
  class space    used 3031K, capacity 3355K, committed 3456K, reserved 1048576K
}
Event: 9.235 GC heap after
{Heap after GC invocations=8 (full 0):
 garbage-first heap   total 65536K, used 13154K [0x00000000c1600000, 0x0000000100000000)
  region size 1024K, 4 young (4096K), 4 survivors (4096K)
 Metaspace       used 24443K, capacity 25221K, committed 25472K, reserved 1071104K
  class space    used 3031K, capacity 3355K, committed 3456K, reserved 1048576K
}
Event: 9.883 GC heap before
{Heap before GC invocations=8 (full 0):
 garbage-first heap   total 65536K, used 46946K [0x00000000c1600000, 0x0000000100000000)
  region size 1024K, 38 young (38912K), 4 survivors (4096K)
 Metaspace       used 27593K, capacity 28389K, committed 28416K, reserved 1073152K
  class space    used 3472K, capacity 3815K, committed 3840K, reserved 1048576K
}
Event: 9.892 GC heap after
{Heap after GC invocations=9 (full 0):
 garbage-first heap   total 65536K, used 14113K [0x00000000c1600000, 0x0000000100000000)
  region size 1024K, 4 young (4096K), 4 survivors (4096K)
 Metaspace       used 27593K, capacity 28389K, committed 28416K, reserved 1073152K
  class space    used 3472K, capacity 3815K, committed 3840K, reserved 1048576K
}

